<?xml version="1.0" encoding="UTF-8"?>
<testng-results ignored="0" total="1" passed="1" failed="0" skipped="0">
  <reporter-output>
  </reporter-output>
  <suite started-at="2022-02-05T11:53:42 IST" name="demoblaze" finished-at="2022-02-05T11:54:11 IST" duration-ms="28952">
    <groups>
    </groups>
    <test started-at="2022-02-05T11:53:42 IST" name="Default test" finished-at="2022-02-05T11:54:11 IST" duration-ms="28952">
      <class name="demoblaze.test.TestCases">
        <test-method is-config="true" signature="setUp()[pri:0, instance:demoblaze.test.TestCases@765d7657]" started-at="2022-02-05T11:53:42 IST" name="setUp" finished-at="2022-02-05T11:53:50 IST" duration-ms="7059" status="PASS">
          <reporter-output>
          </reporter-output>
        </test-method> <!-- setUp -->
        <test-method signature="DemoBlazeWorkflow()[pri:0, instance:demoblaze.test.TestCases@765d7657]" started-at="2022-02-05T11:53:50 IST" name="DemoBlazeWorkflow" finished-at="2022-02-05T11:54:10 IST" duration-ms="20190" status="PASS">
          <reporter-output>
          </reporter-output>
        </test-method> <!-- DemoBlazeWorkflow -->
        <test-method is-config="true" signature="endTest()[pri:0, instance:demoblaze.test.TestCases@765d7657]" started-at="2022-02-05T11:54:10 IST" name="endTest" finished-at="2022-02-05T11:54:11 IST" duration-ms="1633" status="PASS">
          <reporter-output>
          </reporter-output>
        </test-method> <!-- endTest -->
      </class> <!-- demoblaze.test.TestCases -->
    </test> <!-- Default test -->
  </suite> <!-- demoblaze -->
</testng-results>
